<?xml version="1.0" encoding="UTF-8"?>
<testsuite name="com.example.audit.AuditAspectTest" tests="2" skipped="0" failures="0" errors="0" timestamp="2020-08-05T12:45:33" hostname="WL355466" time="0.045">
  <properties/>
  <testcase name="testAspectOnPublic" classname="com.example.audit.AuditAspectTest" time="0.039"/>
  <testcase name="testAspectOnPrivate" classname="com.example.audit.AuditAspectTest" time="0.005"/>
  <system-out><![CDATA[15:45:27.647 [Test worker] DEBUG org.springframework.test.context.junit4.SpringJUnit4ClassRunner - SpringJUnit4ClassRunner constructor called with [class com.example.audit.AuditAspectTest]
15:45:27.659 [Test worker] DEBUG org.springframework.test.context.BootstrapUtils - Instantiating CacheAwareContextLoaderDelegate from class [org.springframework.test.context.cache.DefaultCacheAwareContextLoaderDelegate]
15:45:27.674 [Test worker] DEBUG org.springframework.test.context.BootstrapUtils - Instantiating BootstrapContext using constructor [public org.springframework.test.context.support.DefaultBootstrapContext(java.lang.Class,org.springframework.test.context.CacheAwareContextLoaderDelegate)]
15:45:27.698 [Test worker] DEBUG org.springframework.test.context.BootstrapUtils - Instantiating TestContextBootstrapper for test class [com.example.audit.AuditAspectTest] from class [org.springframework.boot.test.context.SpringBootTestContextBootstrapper]
15:45:27.719 [Test worker] INFO org.springframework.boot.test.context.SpringBootTestContextBootstrapper - Neither @ContextConfiguration nor @ContextHierarchy found for test class [com.example.audit.AuditAspectTest], using SpringBootContextLoader
15:45:27.726 [Test worker] DEBUG org.springframework.test.context.support.AbstractContextLoader - Did not detect default resource location for test class [com.example.audit.AuditAspectTest]: class path resource [com/example/audit/AuditAspectTest-context.xml] does not exist
15:45:27.726 [Test worker] DEBUG org.springframework.test.context.support.AbstractContextLoader - Did not detect default resource location for test class [com.example.audit.AuditAspectTest]: class path resource [com/example/audit/AuditAspectTestContext.groovy] does not exist
15:45:27.727 [Test worker] INFO org.springframework.test.context.support.AbstractContextLoader - Could not detect default resource locations for test class [com.example.audit.AuditAspectTest]: no resource found for suffixes {-context.xml, Context.groovy}.
15:45:27.728 [Test worker] INFO org.springframework.test.context.support.AnnotationConfigContextLoaderUtils - Could not detect default configuration classes for test class [com.example.audit.AuditAspectTest]: AuditAspectTest does not declare any static, non-private, non-final, nested classes annotated with @Configuration.
15:45:27.794 [Test worker] DEBUG org.springframework.test.context.support.ActiveProfilesUtils - Could not find an 'annotation declaring class' for annotation type [org.springframework.test.context.ActiveProfiles] and class [com.example.audit.AuditAspectTest]
15:45:27.805 [Test worker] DEBUG org.springframework.core.env.StandardEnvironment - Adding PropertySource 'systemProperties' with lowest search precedence
15:45:27.807 [Test worker] DEBUG org.springframework.core.env.StandardEnvironment - Adding PropertySource 'systemEnvironment' with lowest search precedence
15:45:27.810 [Test worker] DEBUG org.springframework.core.env.StandardEnvironment - Initialized StandardEnvironment with PropertySources [MapPropertySource@1626861346 {name='systemProperties', properties={java.runtime.name=Java(TM) SE Runtime Environment, sun.boot.library.path=C:\Program Files\Java\jdk1.8.0_221\jre\bin, java.vm.version=25.221-b11, java.vm.vendor=Oracle Corporation, java.vendor.url=http://java.oracle.com/, path.separator=;, java.vm.name=Java HotSpot(TM) 64-Bit Server VM, file.encoding.pkg=sun.io, user.script=, sun.java.launcher=SUN_STANDARD, user.country=US, sun.os.patch.level=, java.vm.specification.name=Java Virtual Machine Specification, user.dir=C:\work\repos\test-aspect, java.runtime.version=1.8.0_221-b11, java.awt.graphicsenv=sun.awt.Win32GraphicsEnvironment, java.endorsed.dirs=C:\Program Files\Java\jdk1.8.0_221\jre\lib\endorsed, os.arch=amd64, java.io.tmpdir=C:\Users\krizhpav\AppData\Local\Temp\, line.separator=
, java.vm.specification.vendor=Oracle Corporation, user.variant=, os.name=Windows 10, sun.jnu.encoding=Cp1251, java.library.path=C:\Program Files\Java\jdk1.8.0_221\bin;C:\WINDOWS\Sun\Java\bin;C:\WINDOWS\system32;C:\WINDOWS;C:\Program Files\Git\mingw64\bin;C:\Program Files\Git\usr\bin;C:\Users\krizhpav\bin;C:\Python38\Scripts;C:\Python38;C:\oraclexe\app\oracle\product\11.2.0\server\bin;C:\work\env\oracle\product\12.1.0\dbhome_1\bin;C:\Program Files (x86)\Common Files\Oracle\Java\javapath;C:\WINDOWS\system32;C:\WINDOWS;C:\WINDOWS\System32\Wbem;C:\WINDOWS\System32\WindowsPowerShell\v1.0;C:\Program Files\1E\NomadBranch;C:\Program Files\Git\cmd;C:\work\env\apache-maven-3.6.1\bin;C:\work\env\node;C:\Users\krizhpav\.jpm\windows\bin;C:\Program Files\PuTTY;C:\work\env;C:\ProgramData\chocolatey\bin;C:\Users\krizhpav\AppData\Local\Microsoft\WindowsApps;C:\Program Files\JetBrains\IntelliJ IDEA Community Edition 2020.1\bin;C:\Users\krizhpav\AppData\Local\Programs\Microsoft VS Code\bin;C:\Program Files\JetBrains\WebStorm 2019.2\bin;C:\Users\krizhpav\groovy-3.0.0-beta-3\bin;C:\Users\krizhpav\AppData\Roaming\npm;., java.specification.name=Java Platform API Specification, java.class.version=52.0, org.gradle.native=false, sun.management.compiler=HotSpot 64-Bit Tiered Compilers, os.version=10.0, user.home=C:\Users\krizhpav, user.timezone=Europe/Moscow, java.awt.printerjob=sun.awt.windows.WPrinterJob, file.encoding=windows-1251, java.specification.version=1.8, java.class.path=C:\work\repos\test-aspect\build\classes\java\test;C:\work\repos\test-aspect\build\resources\test;C:\work\repos\test-aspect\build\classes\java\main;C:\work\repos\test-aspect\build\resources\main;C:\Users\krizhpav\.gradle\caches\modules-2\files-2.1\org.springframework.boot\spring-boot-configuration-processor\1.5.8.RELEASE\217b7bde102a9c51c51139ea02f0f99f5d34f799\spring-boot-configuration-processor-1.5.8.RELEASE.jar;C:\Users\krizhpav\.gradle\caches\modules-2\files-2.1\org.springframework.boot\spring-boot-starter-jdbc\1.5.8.RELEASE\fc98631eba9817c920b9ac1c5845214f49637a33\spring-boot-starter-jdbc-1.5.8.RELEASE.jar;C:\Users\krizhpav\.gradle\caches\modules-2\files-2.1\org.springframework.boot\spring-boot-starter-aop\1.5.8.RELEASE\9bc9a40e0718726ed48f6becc509b2d186f1ebcc\spring-boot-starter-aop-1.5.8.RELEASE.jar;C:\Users\krizhpav\.gradle\caches\modules-2\files-2.1\org.springframework.boot\spring-boot-starter\1.5.8.RELEASE\18048efe1f06569022a53cc3fb2fe9c0162935a3\spring-boot-starter-1.5.8.RELEASE.jar;C:\Users\krizhpav\.gradle\caches\modules-2\files-2.1\org.springframework.boot\spring-boot-starter-logging\1.5.8.RELEASE\ebc00a0e46753d90431fdcc5e3d6b9fd3bf1564a\spring-boot-starter-logging-1.5.8.RELEASE.jar;C:\Users\krizhpav\.gradle\caches\modules-2\files-2.1\ch.qos.logback\logback-classic\1.2.3\7c4f3c474fb2c041d8028740440937705ebb473a\logback-classic-1.2.3.jar;C:\Users\krizhpav\.gradle\caches\modules-2\files-2.1\ch.qos.logback\logback-core\1.2.3\864344400c3d4d92dfeb0a305dc87d953677c03c\logback-core-1.2.3.jar;C:\Users\krizhpav\.gradle\caches\modules-2\files-2.1\org.springframework.boot\spring-boot-starter-undertow\1.5.8.RELEASE\385ec989ed841741a3a1249042c912409d130325\spring-boot-starter-undertow-1.5.8.RELEASE.jar;C:\Users\krizhpav\.gradle\caches\modules-2\files-2.1\org.springframework\spring-webmvc\4.3.12.RELEASE\986e5dcd4435e780f6be64f8185eaa51523cf851\spring-webmvc-4.3.12.RELEASE.jar;C:\Users\krizhpav\.gradle\caches\modules-2\files-2.1\org.springframework.security\spring-security-web\4.2.3.RELEASE\7a03e737484ca232d7146852f06d067ac21427ac\spring-security-web-4.2.3.RELEASE.jar;C:\Users\krizhpav\.gradle\caches\modules-2\files-2.1\org.springframework.security\spring-security-config\4.2.3.RELEASE\9f3771903616e33521836fd999d63efbfebf90d\spring-security-config-4.2.3.RELEASE.jar;C:\Users\krizhpav\.gradle\caches\modules-2\files-2.1\org.springframework.security\spring-security-core\4.2.3.RELEASE\5c0e47a47036c94d6fdd02696bf52be6d1adbd4d\spring-security-core-4.2.3.RELEASE.jar;C:\Users\krizhpav\.gradle\caches\modules-2\files-2.1\org.hibernate\hibernate-validator\5.3.5.Final\622a9bcef2eed6d41b5b8e0662c36212009e375\hibernate-validator-5.3.5.Final.jar;C:\Users\krizhpav\.gradle\caches\modules-2\files-2.1\com.fasterxml.jackson.module\jackson-module-parameter-names\2.8.10\25e1b4ea5fe1d0a0d954e27a077c0550d9192b3\jackson-module-parameter-names-2.8.10.jar;C:\Users\krizhpav\.gradle\caches\modules-2\files-2.1\com.fasterxml.jackson.datatype\jackson-datatype-jdk8\2.8.10\6ab4b29da1dcc8599b706cb92dabe37a049f0259\jackson-datatype-jdk8-2.8.10.jar;C:\Users\krizhpav\.gradle\caches\modules-2\files-2.1\com.fasterxml.jackson.datatype\jackson-datatype-jsr310\2.8.10\c7e69a2619d22f067e96ac1fec95b4157604167f\jackson-datatype-jsr310-2.8.10.jar;C:\Users\krizhpav\.gradle\caches\modules-2\files-2.1\io.swagger\swagger-core\1.6.1\cf2206725a0dbc59fa2115bc6aa8bd7a00675d70\swagger-core-1.6.1.jar;C:\Users\krizhpav\.gradle\caches\modules-2\files-2.1\org.springframework.boot\spring-boot-starter-test\1.5.8.RELEASE\20b767f594924b32950286f1236ab7d68ff861f9\spring-boot-starter-test-1.5.8.RELEASE.jar;C:\Users\krizhpav\.gradle\caches\modules-2\files-2.1\org.skyscreamer\jsonassert\1.4.0\9cdbb373a06f6513e51e8c545ee6a5e981463edb\jsonassert-1.4.0.jar;C:\Users\krizhpav\.gradle\caches\modules-2\files-2.1\com.vaadin.external.google\android-json\0.0.20131108.vaadin1\fa26d351fe62a6a17f5cda1287c1c6110dec413f\android-json-0.0.20131108.vaadin1.jar;C:\Users\krizhpav\.gradle\caches\modules-2\files-2.1\io.swagger\swagger-models\1.6.1\be4ae289f97911684d9dd9638b188ceaca0bb9e6\swagger-models-1.6.1.jar;C:\Users\krizhpav\.gradle\caches\modules-2\files-2.1\com.jayway.jsonpath\json-path\2.2.0\22290d17944bd239fabf5ac69005a60a7ecbbbcb\json-path-2.2.0.jar;C:\Users\krizhpav\.gradle\caches\modules-2\files-2.1\org.slf4j\jcl-over-slf4j\1.7.25\f8c32b13ff142a513eeb5b6330b1588dcb2c0461\jcl-over-slf4j-1.7.25.jar;C:\Users\krizhpav\.gradle\caches\modules-2\files-2.1\org.slf4j\jul-to-slf4j\1.7.25\af5364cd6679bfffb114f0dec8a157aaa283b76\jul-to-slf4j-1.7.25.jar;C:\Users\krizhpav\.gradle\caches\modules-2\files-2.1\org.slf4j\log4j-over-slf4j\1.7.25\a87bb47468f47ee7aabbd54f93e133d4215769c3\log4j-over-slf4j-1.7.25.jar;C:\Users\krizhpav\.gradle\caches\modules-2\files-2.1\org.slf4j\slf4j-api\1.7.25\da76ca59f6a57ee3102f8f9bd9cee742973efa8a\slf4j-api-1.7.25.jar;C:\Users\krizhpav\.gradle\caches\modules-2\files-2.1\io.undertow\undertow-websockets-jsr\1.4.20.Final\6dcd36495f9d661dda5f0683e69a60b7595c56fa\undertow-websockets-jsr-1.4.20.Final.jar;C:\Users\krizhpav\.gradle\caches\modules-2\files-2.1\io.undertow\undertow-servlet\1.4.20.Final\9f94db880bc711730a1c3d9f6b56cbb87dddb35\undertow-servlet-1.4.20.Final.jar;C:\Users\krizhpav\.gradle\caches\modules-2\files-2.1\io.undertow\undertow-core\1.4.20.Final\59659eb4f48e218beef447477f638bf81b36933d\undertow-core-1.4.20.Final.jar;C:\Users\krizhpav\.gradle\caches\modules-2\files-2.1\javax.servlet\javax.servlet-api\3.1.0\3cd63d075497751784b2fa84be59432f4905bf7c\javax.servlet-api-3.1.0.jar;C:\Users\krizhpav\.gradle\caches\modules-2\files-2.1\org.glassfish\javax.el\3.0.0\dd532526e7c8de48e40419e6af1183658a973379\javax.el-3.0.0.jar;C:\Users\krizhpav\.gradle\caches\modules-2\files-2.1\org.springframework\spring-jdbc\4.3.12.RELEASE\5c840abbdc1a1dfd0f79c4a4c25eac0c98e6af22\spring-jdbc-4.3.12.RELEASE.jar;C:\Users\krizhpav\.gradle\caches\modules-2\files-2.1\org.springframework\spring-web\4.3.12.RELEASE\86c29588cca74d0fc848b194cb13fcdfd12bc990\spring-web-4.3.12.RELEASE.jar;C:\Users\krizhpav\.gradle\caches\modules-2\files-2.1\org.springframework.boot\spring-boot-test-autoconfigure\1.5.8.RELEASE\a8f986cc4b6ecef1417fe50c20984f12f54d15cc\spring-boot-test-autoconfigure-1.5.8.RELEASE.jar;C:\Users\krizhpav\.gradle\caches\modules-2\files-2.1\org.springframework.boot\spring-boot-test\1.5.8.RELEASE\17dedee86d1a9e9bd409d715fd90650ca1049659\spring-boot-test-1.5.8.RELEASE.jar;C:\Users\krizhpav\.gradle\caches\modules-2\files-2.1\org.springframework.boot\spring-boot-autoconfigure\1.5.8.RELEASE\e4f2efa4c319f4e3613d94fbccfdb5ccda6873e3\spring-boot-autoconfigure-1.5.8.RELEASE.jar;C:\Users\krizhpav\.gradle\caches\modules-2\files-2.1\org.springframework.boot\spring-boot\1.5.8.RELEASE\748ebde51761e12627ad23d064024f342b18f9b4\spring-boot-1.5.8.RELEASE.jar;C:\Users\krizhpav\.gradle\caches\modules-2\files-2.1\org.springframework\spring-context\4.3.12.RELEASE\5e6d26f36636f36b7efec1d6a0c5991284fbd95b\spring-context-4.3.12.RELEASE.jar;C:\Users\krizhpav\.gradle\caches\modules-2\files-2.1\org.springframework\spring-aop\4.3.12.RELEASE\b3fef085902993c2ef874c45c7bfd79296d5a5a4\spring-aop-4.3.12.RELEASE.jar;C:\Users\krizhpav\.gradle\caches\modules-2\files-2.1\org.springframework\spring-tx\4.3.12.RELEASE\7147b6839b2bf9db3621b79c73b4dddbe69572b6\spring-tx-4.3.12.RELEASE.jar;C:\Users\krizhpav\.gradle\caches\modules-2\files-2.1\org.springframework\spring-beans\4.3.12.RELEASE\547dd432d47d0f01d9ccbedc4b705f9f7c1240a\spring-beans-4.3.12.RELEASE.jar;C:\Users\krizhpav\.gradle\caches\modules-2\files-2.1\org.springframework\spring-expression\4.3.12.RELEASE\790f69f6ad7f9da8d4a92c603ad7244c398c8309\spring-expression-4.3.12.RELEASE.jar;C:\Users\krizhpav\.gradle\caches\modules-2\files-2.1\org.springframework\spring-test\4.3.12.RELEASE\825a7ac1014528db722a6cc94cceaef2410cb314\spring-test-4.3.12.RELEASE.jar;C:\Users\krizhpav\.gradle\caches\modules-2\files-2.1\org.springframework\spring-core\4.3.12.RELEASE\4cebc69478c6d350dbd5af28e3db7d5694f416e3\spring-core-4.3.12.RELEASE.jar;C:\Users\krizhpav\.gradle\caches\modules-2\files-2.1\aopalliance\aopalliance\1.0\235ba8b489512805ac13a8f9ea77a1ca5ebe3e8\aopalliance-1.0.jar;C:\Users\krizhpav\.gradle\caches\modules-2\files-2.1\javax.validation\validation-api\1.1.0.Final\8613ae82954779d518631e05daa73a6a954817d5\validation-api-1.1.0.Final.jar;C:\Users\krizhpav\.gradle\caches\modules-2\files-2.1\org.jboss.logging\jboss-logging\3.3.1.Final\c46217ab74b532568c0ed31dc599db3048bd1b67\jboss-logging-3.3.1.Final.jar;C:\Users\krizhpav\.gradle\caches\modules-2\files-2.1\com.fasterxml\classmate\1.3.4\3d5f48f10bbe4eb7bd862f10c0583be2e0053c6\classmate-1.3.4.jar;C:\Users\krizhpav\.gradle\caches\modules-2\files-2.1\com.fasterxml.jackson.core\jackson-databind\2.8.10\f7b83cb2bc4b88d53961e749e1ad32f49ef017b7\jackson-databind-2.8.10.jar;C:\Users\krizhpav\.gradle\caches\modules-2\files-2.1\com.fasterxml.jackson.dataformat\jackson-dataformat-yaml\2.8.10\1e08caf1d787c825307d8cc6362452086020d853\jackson-dataformat-yaml-2.8.10.jar;C:\Users\krizhpav\.gradle\caches\modules-2\files-2.1\com.fasterxml.jackson.core\jackson-core\2.8.10\eb21a035c66ad307e66ec8fce37f5d50fd62d039\jackson-core-2.8.10.jar;C:\Users\krizhpav\.gradle\caches\modules-2\files-2.1\com.fasterxml.jackson.core\jackson-annotations\2.8.0\45b426f7796b741035581a176744d91090e2e6fb\jackson-annotations-2.8.0.jar;C:\Users\krizhpav\.gradle\caches\modules-2\files-2.1\org.aspectj\aspectjweaver\1.8.11\9807e0e13c8a295f15882721db50fa3d142c44a9\aspectjweaver-1.8.11.jar;C:\Users\krizhpav\.gradle\caches\modules-2\files-2.1\org.apache.commons\commons-lang3\3.2.1\66f13681add50ca9e4546ffabafaaac7645db3cf\commons-lang3-3.2.1.jar;C:\Users\krizhpav\.gradle\caches\modules-2\files-2.1\com.google.guava\guava\27.0.1-android\b7e1c37f66ef193796ccd7ea6e80c2b05426182d\guava-27.0.1-android.jar;C:\Users\krizhpav\.gradle\caches\modules-2\files-2.1\junit\junit\4.12\2973d150c0dc1fefe998f834810d68f278ea58ec\junit-4.12.jar;C:\Users\krizhpav\.gradle\caches\modules-2\files-2.1\org.assertj\assertj-core\2.6.0\b532c3fc4f66bcfee4989a3514f1cd56203a33ad\assertj-core-2.6.0.jar;C:\Users\krizhpav\.gradle\caches\modules-2\files-2.1\org.mockito\mockito-core\1.10.19\e8546f5bef4e061d8dd73895b4e8f40e3fe6effe\mockito-core-1.10.19.jar;C:\Users\krizhpav\.gradle\caches\modules-2\files-2.1\org.hamcrest\hamcrest-library\1.3\4785a3c21320980282f9f33d0d1264a69040538f\hamcrest-library-1.3.jar;C:\Users\krizhpav\.gradle\caches\modules-2\files-2.1\org.hamcrest\hamcrest-core\1.3\42a25dc3219429f0e5d060061f71acb49bf010a0\hamcrest-core-1.3.jar;C:\Users\krizhpav\.gradle\caches\modules-2\files-2.1\org.jboss.xnio\xnio-nio\3.3.8.Final\8dafaf230666e526c53e544ab6a9d6ecfcbab4ee\xnio-nio-3.3.8.Final.jar;C:\Users\krizhpav\.gradle\caches\modules-2\files-2.1\org.jboss.xnio\xnio-api\3.3.8.Final\7942ba8330c91a12006c912e040d25a77a58c525\xnio-api-3.3.8.Final.jar;C:\Users\krizhpav\.gradle\caches\modules-2\files-2.1\org.jboss.spec.javax.annotation\jboss-annotations-api_1.2_spec\1.0.0.Final\6d7ff02a645227876ed550900d32d618b8f0d556\jboss-annotations-api_1.2_spec-1.0.0.Final.jar;C:\Users\krizhpav\.gradle\caches\modules-2\files-2.1\org.jboss.spec.javax.websocket\jboss-websocket-api_1.1_spec\1.1.0.Final\a89cc6c8f15c06aed6fe81482e168248ad7c76d3\jboss-websocket-api_1.1_spec-1.1.0.Final.jar;C:\Users\krizhpav\.gradle\caches\modules-2\files-2.1\org.yaml\snakeyaml\1.17\7a27ea250c5130b2922b86dea63cbb1cc10a660c\snakeyaml-1.17.jar;C:\Users\krizhpav\.gradle\caches\modules-2\files-2.1\io.swagger\swagger-annotations\1.6.1\c99eee3d31d772e1fcbf1626895ecc828967e913\swagger-annotations-1.6.1.jar;C:\Users\krizhpav\.gradle\caches\modules-2\files-2.1\com.google.guava\failureaccess\1.0.1\1dcf1de382a0bf95a3d8b0849546c88bac1292c9\failureaccess-1.0.1.jar;C:\Users\krizhpav\.gradle\caches\modules-2\files-2.1\com.google.guava\listenablefuture\9999.0-empty-to-avoid-conflict-with-guava\b421526c5f297295adef1c886e5246c39d4ac629\listenablefuture-9999.0-empty-to-avoid-conflict-with-guava.jar;C:\Users\krizhpav\.gradle\caches\modules-2\files-2.1\com.google.code.findbugs\jsr305\3.0.2\25ea2e8b0c338a877313bd4672d3fe056ea78f0d\jsr305-3.0.2.jar;C:\Users\krizhpav\.gradle\caches\modules-2\files-2.1\org.checkerframework\checker-compat-qual\2.5.2\dc0b20906c9e4b9724af29d11604efa574066892\checker-compat-qual-2.5.2.jar;C:\Users\krizhpav\.gradle\caches\modules-2\files-2.1\com.google.errorprone\error_prone_annotations\2.2.0\88e3c593e9b3586e1c6177f89267da6fc6986f0c\error_prone_annotations-2.2.0.jar;C:\Users\krizhpav\.gradle\caches\modules-2\files-2.1\com.google.j2objc\j2objc-annotations\1.1\ed28ded51a8b1c6b112568def5f4b455e6809019\j2objc-annotations-1.1.jar;C:\Users\krizhpav\.gradle\caches\modules-2\files-2.1\org.codehaus.mojo\animal-sniffer-annotations\1.17\f97ce6decaea32b36101e37979f8b647f00681fb\animal-sniffer-annotations-1.17.jar;C:\Users\krizhpav\.gradle\caches\modules-2\files-2.1\net.minidev\json-smart\2.2.1\5b9e5df7a62d1279b70dc882b041d249c4f0b002\json-smart-2.2.1.jar;C:\Users\krizhpav\.gradle\caches\modules-2\files-2.1\org.objenesis\objenesis\2.1\87c0ea803b69252868d09308b4618f766f135a96\objenesis-2.1.jar;C:\Users\krizhpav\.gradle\caches\modules-2\files-2.1\net.minidev\accessors-smart\1.1\a527213f2fea112a04c9bdf0ec0264e34104cd08\accessors-smart-1.1.jar;C:\Users\krizhpav\.gradle\caches\modules-2\files-2.1\org.ow2.asm\asm\5.0.3\dcc2193db20e19e1feca8b1240dbbc4e190824fa\asm-5.0.3.jar, user.name=krizhpav, java.vm.specification.version=1.8, sun.java.command=worker.org.gradle.process.internal.worker.GradleWorkerMain 'Gradle Test Executor 7', java.home=C:\Program Files\Java\jdk1.8.0_221\jre, sun.arch.data.model=64, user.language=en, java.specification.vendor=Oracle Corporation, awt.toolkit=sun.awt.windows.WToolkit, java.vm.info=mixed mode, java.version=1.8.0_221, java.ext.dirs=C:\Program Files\Java\jdk1.8.0_221\jre\lib\ext;C:\WINDOWS\Sun\Java\lib\ext, sun.boot.class.path=C:\Program Files\Java\jdk1.8.0_221\jre\lib\resources.jar;C:\Program Files\Java\jdk1.8.0_221\jre\lib\rt.jar;C:\Program Files\Java\jdk1.8.0_221\jre\lib\sunrsasign.jar;C:\Program Files\Java\jdk1.8.0_221\jre\lib\jsse.jar;C:\Program Files\Java\jdk1.8.0_221\jre\lib\jce.jar;C:\Program Files\Java\jdk1.8.0_221\jre\lib\charsets.jar;C:\Program Files\Java\jdk1.8.0_221\jre\lib\jfr.jar;C:\Program Files\Java\jdk1.8.0_221\jre\classes, java.vendor=Oracle Corporation, org.gradle.test.worker=7, file.separator=\, java.vendor.url.bug=http://bugreport.sun.com/bugreport/, sun.io.unicode.encoding=UnicodeLittle, sun.cpu.endian=little, sun.desktop=windows, sun.cpu.isalist=amd64}}, SystemEnvironmentPropertySource@1642701943 {name='systemEnvironment', properties={PATH=C:\Program Files\Git\mingw64\bin;C:\Program Files\Git\usr\bin;C:\Users\krizhpav\bin;C:\Python38\Scripts;C:\Python38;C:\oraclexe\app\oracle\product\11.2.0\server\bin;C:\work\env\oracle\product\12.1.0\dbhome_1\bin;C:\Program Files (x86)\Common Files\Oracle\Java\javapath;C:\WINDOWS\system32;C:\WINDOWS;C:\WINDOWS\System32\Wbem;C:\WINDOWS\System32\WindowsPowerShell\v1.0;C:\Program Files\1E\NomadBranch;C:\Program Files\Git\cmd;C:\work\env\apache-maven-3.6.1\bin;C:\work\env\node;C:\Users\krizhpav\.jpm\windows\bin;C:\Program Files\PuTTY;C:\work\env;C:\ProgramData\chocolatey\bin;C:\Users\krizhpav\AppData\Local\Microsoft\WindowsApps;C:\Program Files\JetBrains\IntelliJ IDEA Community Edition 2020.1\bin;C:\Users\krizhpav\AppData\Local\Programs\Microsoft VS Code\bin;C:\Program Files\JetBrains\WebStorm 2019.2\bin;C:\Users\krizhpav\groovy-3.0.0-beta-3\bin;C:\Users\krizhpav\AppData\Roaming\npm, USERDOMAIN_ROAMINGPROFILE=AP, PROCESSOR_LEVEL=6, SYSTEMDRIVE=C:, SESSIONNAME=Console, ALLUSERSPROFILE=C:\ProgramData, EDM_VERSION=2017, PROCESSOR_ARCHITECTURE=AMD64, PSModulePath=C:\Program Files\WindowsPowerShell\Modules;C:\WINDOWS\system32\WindowsPowerShell\v1.0\Modules, __INTELLIJ_COMMAND_HISTFILE__=C:\Users\krizhpav\AppData\Roaming\JetBrains\IntelliJIdea2020.1\terminal\history\history-6, PROGRAMFILES=C:\Program Files, USERNAME=krizhpav, USERDNSDOMAIN=AP.TIETO.COM, PWD=C:/work/repos/test-aspect, ProgramFiles(x86)=C:\Program Files (x86), FPS_BROWSER_USER_PROFILE_STRING=Default, PATHEXT=.COM;.EXE;.BAT;.CMD;.VBS;.VBE;.JS;.JSE;.WSF;.WSH;.MSC;.PY;.PYW, DriverData=C:\Windows\System32\Drivers\DriverData, IntelliJ IDEA Community Edition=C:\Program Files\JetBrains\IntelliJ IDEA Community Edition 2020.1\bin;, OLDPWD=C:/work/repos/test-aspect, WINDIR=C:\WINDOWS, ProgramData=C:\ProgramData, ProgramW6432=C:\Program Files, HOMEPATH=\Users\krizhpav, PROCESSOR_IDENTIFIER=Intel64 Family 6 Model 78 Stepping 3, GenuineIntel, PUBLIC=C:\Users\Public, =::=::\, EXEPATH=C:\Program Files\Git\bin, SHLVL=1, EDM_COREIMAGEVERSION=19.05.29, LOCALAPPDATA=C:\Users\krizhpav\AppData\Local, ChocolateyLastPathUpdate=132312614017496307, USERDOMAIN=AP, FPS_BROWSER_APP_PROFILE_STRING=Internet Explorer, LOGONSERVER=\\C105S571VM011, JAVA_HOME=C:\Program Files\Java\jdk1.8.0_221, PLINK_PROTOCOL=ssh, TERM=cygwin, WebStorm=C:\Program Files\JetBrains\WebStorm 2019.2\bin;, GROOVY_HOME=C:\Users\krizhpav\groovy-3.0.0-beta-3, MSYSTEM=MINGW64, APPDATA=C:\Users\krizhpav\AppData\Roaming, SYSTEMROOT=C:\WINDOWS, ChocolateyInstall=C:\ProgramData\chocolatey, OS=Windows_NT, COMPUTERNAME=WL355466, COMMONPROGRAMFILES=C:\Program Files\Common Files, COMSPEC=C:\WINDOWS\system32\cmd.exe, PROCESSOR_REVISION=4e03, CommonProgramW6432=C:\Program Files\Common Files, UATDATA=C:\WINDOWS\CCM\UATData\D9F8C395-CAB8-491d-B8AC-179A1FE1BE77, TERMINAL_EMULATOR=JetBrains-JediTerm, TEMP=C:\Users\krizhpav\AppData\Local\Temp, HOMEDRIVE=C:, USERPROFILE=C:\Users\krizhpav, TMP=C:\Users\krizhpav\AppData\Local\Temp, snow_agent=C:\Program Files\Snow Software\Inventory\Agent, CommonProgramFiles(x86)=C:\Program Files (x86)\Common Files, NUMBER_OF_PROCESSORS=4, IDEA_INITIAL_DIRECTORY=C:\Program Files\JetBrains\IntelliJ IDEA 2020.1.1\bin, HOME=C:\Users\krizhpav}}]
15:45:27.835 [Test worker] DEBUG org.springframework.core.io.support.PathMatchingResourcePatternResolver - Resolved classpath location [com/example/audit/] to resources [URL [file:/C:/work/repos/test-aspect/build/classes/java/test/com/example/audit/], URL [file:/C:/work/repos/test-aspect/build/classes/java/main/com/example/audit/]]
15:45:27.835 [Test worker] DEBUG org.springframework.core.io.support.PathMatchingResourcePatternResolver - Looking for matching resources in directory tree [C:\work\repos\test-aspect\build\classes\java\test\com\example\audit]
15:45:27.836 [Test worker] DEBUG org.springframework.core.io.support.PathMatchingResourcePatternResolver - Searching directory [C:\work\repos\test-aspect\build\classes\java\test\com\example\audit] for files matching pattern [C:/work/repos/test-aspect/build/classes/java/test/com/example/audit/*.class]
15:45:27.841 [Test worker] DEBUG org.springframework.core.io.support.PathMatchingResourcePatternResolver - Looking for matching resources in directory tree [C:\work\repos\test-aspect\build\classes\java\main\com\example\audit]
15:45:27.841 [Test worker] DEBUG org.springframework.core.io.support.PathMatchingResourcePatternResolver - Searching directory [C:\work\repos\test-aspect\build\classes\java\main\com\example\audit] for files matching pattern [C:/work/repos/test-aspect/build/classes/java/main/com/example/audit/*.class]
15:45:27.844 [Test worker] DEBUG org.springframework.core.io.support.PathMatchingResourcePatternResolver - Resolved location pattern [classpath*:com/example/audit/*.class] to resources [file [C:\work\repos\test-aspect\build\classes\java\test\com\example\audit\AuditAspectTest.class], file [C:\work\repos\test-aspect\build\classes\java\main\com\example\audit\Audit.class], file [C:\work\repos\test-aspect\build\classes\java\main\com\example\audit\AuditAspect.class], file [C:\work\repos\test-aspect\build\classes\java\main\com\example\audit\Main.class], file [C:\work\repos\test-aspect\build\classes\java\main\com\example\audit\TestAuditable.class]]
15:45:27.919 [Test worker] DEBUG org.springframework.context.annotation.ClassPathScanningCandidateComponentProvider - Identified candidate component class: file [C:\work\repos\test-aspect\build\classes\java\main\com\example\audit\Main.class]
15:45:27.924 [Test worker] INFO org.springframework.boot.test.context.SpringBootTestContextBootstrapper - Found @SpringBootConfiguration com.example.audit.Main for test class com.example.audit.AuditAspectTest
15:45:27.933 [Test worker] DEBUG org.springframework.boot.test.context.SpringBootTestContextBootstrapper - @TestExecutionListeners is not present for class [com.example.audit.AuditAspectTest]: using defaults.
15:45:27.939 [Test worker] INFO org.springframework.boot.test.context.SpringBootTestContextBootstrapper - Loaded default TestExecutionListener class names from location [META-INF/spring.factories]: [org.springframework.boot.test.autoconfigure.restdocs.RestDocsTestExecutionListener, org.springframework.boot.test.autoconfigure.web.client.MockRestServiceServerResetTestExecutionListener, org.springframework.boot.test.autoconfigure.web.servlet.MockMvcPrintOnlyOnFailureTestExecutionListener, org.springframework.boot.test.autoconfigure.web.servlet.WebDriverTestExecutionListener, org.springframework.boot.test.mock.mockito.MockitoTestExecutionListener, org.springframework.boot.test.mock.mockito.ResetMocksTestExecutionListener, org.springframework.test.context.web.ServletTestExecutionListener, org.springframework.test.context.support.DirtiesContextBeforeModesTestExecutionListener, org.springframework.test.context.support.DependencyInjectionTestExecutionListener, org.springframework.test.context.support.DirtiesContextTestExecutionListener, org.springframework.test.context.transaction.TransactionalTestExecutionListener, org.springframework.test.context.jdbc.SqlScriptsTestExecutionListener]
15:45:27.972 [Test worker] INFO org.springframework.boot.test.context.SpringBootTestContextBootstrapper - Using TestExecutionListeners: [org.springframework.test.context.web.ServletTestExecutionListener@136bbef8, org.springframework.test.context.support.DirtiesContextBeforeModesTestExecutionListener@77579117, org.springframework.boot.test.autoconfigure.SpringBootDependencyInjectionTestExecutionListener@14376380, org.springframework.test.context.support.DirtiesContextTestExecutionListener@29504635, org.springframework.test.context.transaction.TransactionalTestExecutionListener@6702b199, org.springframework.test.context.jdbc.SqlScriptsTestExecutionListener@2c164b47, org.springframework.boot.test.autoconfigure.web.servlet.MockMvcPrintOnlyOnFailureTestExecutionListener@3921626, org.springframework.boot.test.autoconfigure.restdocs.RestDocsTestExecutionListener@28d8998f, org.springframework.boot.test.mock.mockito.MockitoTestExecutionListener@5a246b74, org.springframework.boot.test.autoconfigure.web.client.MockRestServiceServerResetTestExecutionListener@44765f04, org.springframework.boot.test.mock.mockito.ResetMocksTestExecutionListener@57c6528a, org.springframework.boot.test.autoconfigure.web.servlet.WebDriverTestExecutionListener@3b3ebd1c]
15:45:27.976 [Test worker] DEBUG org.springframework.test.annotation.ProfileValueUtils - Retrieved @ProfileValueSourceConfiguration [null] for test class [com.example.audit.AuditAspectTest]
15:45:27.977 [Test worker] DEBUG org.springframework.test.annotation.ProfileValueUtils - Retrieved ProfileValueSource type [class org.springframework.test.annotation.SystemProfileValueSource] for class [com.example.audit.AuditAspectTest]
15:45:27.978 [Test worker] DEBUG org.springframework.test.annotation.ProfileValueUtils - Retrieved @ProfileValueSourceConfiguration [null] for test class [com.example.audit.AuditAspectTest]
15:45:27.978 [Test worker] DEBUG org.springframework.test.annotation.ProfileValueUtils - Retrieved ProfileValueSource type [class org.springframework.test.annotation.SystemProfileValueSource] for class [com.example.audit.AuditAspectTest]
15:45:27.983 [Test worker] DEBUG org.springframework.test.context.support.AbstractDirtiesContextTestExecutionListener - Before test class: context [DefaultTestContext@3abb9ba4 testClass = AuditAspectTest, testInstance = [null], testMethod = [null], testException = [null], mergedContextConfiguration = [WebMergedContextConfiguration@1a51e430 testClass = AuditAspectTest, locations = '{}', classes = '{class com.example.audit.Main}', contextInitializerClasses = '[]', activeProfiles = '{}', propertySourceLocations = '{}', propertySourceProperties = '{org.springframework.boot.test.context.SpringBootTestContextBootstrapper=true}', contextCustomizers = set[org.springframework.boot.test.autoconfigure.properties.PropertyMappingContextCustomizer@0, org.springframework.boot.test.autoconfigure.web.servlet.WebDriverContextCustomizerFactory$Customizer@76b58fe3, org.springframework.boot.test.context.SpringBootTestContextCustomizer@3f80939d, org.springframework.boot.test.context.filter.ExcludeFilterContextCustomizer@5fd471c8, org.springframework.boot.test.json.DuplicateJsonObjectContextCustomizerFactory$DuplicateJsonObjectContextCustomizer@4d7ed629, org.springframework.boot.test.mock.mockito.MockitoContextCustomizer@0], resourceBasePath = 'src/main/webapp', contextLoader = 'org.springframework.boot.test.context.SpringBootContextLoader', parent = [null]]], class annotated with @DirtiesContext [false] with mode [null].
15:45:27.985 [Test worker] DEBUG org.springframework.test.annotation.ProfileValueUtils - Retrieved @ProfileValueSourceConfiguration [null] for test class [com.example.audit.AuditAspectTest]
15:45:27.985 [Test worker] DEBUG org.springframework.test.annotation.ProfileValueUtils - Retrieved ProfileValueSource type [class org.springframework.test.annotation.SystemProfileValueSource] for class [com.example.audit.AuditAspectTest]
15:45:28.067 [Test worker] DEBUG org.springframework.core.env.StandardEnvironment - Adding PropertySource 'systemProperties' with lowest search precedence
15:45:28.067 [Test worker] DEBUG org.springframework.core.env.StandardEnvironment - Adding PropertySource 'systemEnvironment' with lowest search precedence
15:45:28.068 [Test worker] DEBUG org.springframework.core.env.StandardEnvironment - Initialized StandardEnvironment with PropertySources [MapPropertySource@1091684307 {name='systemProperties', properties={java.runtime.name=Java(TM) SE Runtime Environment, sun.boot.library.path=C:\Program Files\Java\jdk1.8.0_221\jre\bin, java.vm.version=25.221-b11, java.vm.vendor=Oracle Corporation, java.vendor.url=http://java.oracle.com/, path.separator=;, java.vm.name=Java HotSpot(TM) 64-Bit Server VM, file.encoding.pkg=sun.io, user.script=, sun.java.launcher=SUN_STANDARD, user.country=US, sun.os.patch.level=, java.vm.specification.name=Java Virtual Machine Specification, user.dir=C:\work\repos\test-aspect, java.runtime.version=1.8.0_221-b11, java.awt.graphicsenv=sun.awt.Win32GraphicsEnvironment, java.endorsed.dirs=C:\Program Files\Java\jdk1.8.0_221\jre\lib\endorsed, os.arch=amd64, java.io.tmpdir=C:\Users\krizhpav\AppData\Local\Temp\, line.separator=
, java.vm.specification.vendor=Oracle Corporation, user.variant=, os.name=Windows 10, sun.jnu.encoding=Cp1251, java.library.path=C:\Program Files\Java\jdk1.8.0_221\bin;C:\WINDOWS\Sun\Java\bin;C:\WINDOWS\system32;C:\WINDOWS;C:\Program Files\Git\mingw64\bin;C:\Program Files\Git\usr\bin;C:\Users\krizhpav\bin;C:\Python38\Scripts;C:\Python38;C:\oraclexe\app\oracle\product\11.2.0\server\bin;C:\work\env\oracle\product\12.1.0\dbhome_1\bin;C:\Program Files (x86)\Common Files\Oracle\Java\javapath;C:\WINDOWS\system32;C:\WINDOWS;C:\WINDOWS\System32\Wbem;C:\WINDOWS\System32\WindowsPowerShell\v1.0;C:\Program Files\1E\NomadBranch;C:\Program Files\Git\cmd;C:\work\env\apache-maven-3.6.1\bin;C:\work\env\node;C:\Users\krizhpav\.jpm\windows\bin;C:\Program Files\PuTTY;C:\work\env;C:\ProgramData\chocolatey\bin;C:\Users\krizhpav\AppData\Local\Microsoft\WindowsApps;C:\Program Files\JetBrains\IntelliJ IDEA Community Edition 2020.1\bin;C:\Users\krizhpav\AppData\Local\Programs\Microsoft VS Code\bin;C:\Program Files\JetBrains\WebStorm 2019.2\bin;C:\Users\krizhpav\groovy-3.0.0-beta-3\bin;C:\Users\krizhpav\AppData\Roaming\npm;., java.specification.name=Java Platform API Specification, java.class.version=52.0, org.gradle.native=false, sun.management.compiler=HotSpot 64-Bit Tiered Compilers, os.version=10.0, user.home=C:\Users\krizhpav, user.timezone=Europe/Moscow, java.awt.printerjob=sun.awt.windows.WPrinterJob, file.encoding=windows-1251, java.specification.version=1.8, java.class.path=C:\work\repos\test-aspect\build\classes\java\test;C:\work\repos\test-aspect\build\resources\test;C:\work\repos\test-aspect\build\classes\java\main;C:\work\repos\test-aspect\build\resources\main;C:\Users\krizhpav\.gradle\caches\modules-2\files-2.1\org.springframework.boot\spring-boot-configuration-processor\1.5.8.RELEASE\217b7bde102a9c51c51139ea02f0f99f5d34f799\spring-boot-configuration-processor-1.5.8.RELEASE.jar;C:\Users\krizhpav\.gradle\caches\modules-2\files-2.1\org.springframework.boot\spring-boot-starter-jdbc\1.5.8.RELEASE\fc98631eba9817c920b9ac1c5845214f49637a33\spring-boot-starter-jdbc-1.5.8.RELEASE.jar;C:\Users\krizhpav\.gradle\caches\modules-2\files-2.1\org.springframework.boot\spring-boot-starter-aop\1.5.8.RELEASE\9bc9a40e0718726ed48f6becc509b2d186f1ebcc\spring-boot-starter-aop-1.5.8.RELEASE.jar;C:\Users\krizhpav\.gradle\caches\modules-2\files-2.1\org.springframework.boot\spring-boot-starter\1.5.8.RELEASE\18048efe1f06569022a53cc3fb2fe9c0162935a3\spring-boot-starter-1.5.8.RELEASE.jar;C:\Users\krizhpav\.gradle\caches\modules-2\files-2.1\org.springframework.boot\spring-boot-starter-logging\1.5.8.RELEASE\ebc00a0e46753d90431fdcc5e3d6b9fd3bf1564a\spring-boot-starter-logging-1.5.8.RELEASE.jar;C:\Users\krizhpav\.gradle\caches\modules-2\files-2.1\ch.qos.logback\logback-classic\1.2.3\7c4f3c474fb2c041d8028740440937705ebb473a\logback-classic-1.2.3.jar;C:\Users\krizhpav\.gradle\caches\modules-2\files-2.1\ch.qos.logback\logback-core\1.2.3\864344400c3d4d92dfeb0a305dc87d953677c03c\logback-core-1.2.3.jar;C:\Users\krizhpav\.gradle\caches\modules-2\files-2.1\org.springframework.boot\spring-boot-starter-undertow\1.5.8.RELEASE\385ec989ed841741a3a1249042c912409d130325\spring-boot-starter-undertow-1.5.8.RELEASE.jar;C:\Users\krizhpav\.gradle\caches\modules-2\files-2.1\org.springframework\spring-webmvc\4.3.12.RELEASE\986e5dcd4435e780f6be64f8185eaa51523cf851\spring-webmvc-4.3.12.RELEASE.jar;C:\Users\krizhpav\.gradle\caches\modules-2\files-2.1\org.springframework.security\spring-security-web\4.2.3.RELEASE\7a03e737484ca232d7146852f06d067ac21427ac\spring-security-web-4.2.3.RELEASE.jar;C:\Users\krizhpav\.gradle\caches\modules-2\files-2.1\org.springframework.security\spring-security-config\4.2.3.RELEASE\9f3771903616e33521836fd999d63efbfebf90d\spring-security-config-4.2.3.RELEASE.jar;C:\Users\krizhpav\.gradle\caches\modules-2\files-2.1\org.springframework.security\spring-security-core\4.2.3.RELEASE\5c0e47a47036c94d6fdd02696bf52be6d1adbd4d\spring-security-core-4.2.3.RELEASE.jar;C:\Users\krizhpav\.gradle\caches\modules-2\files-2.1\org.hibernate\hibernate-validator\5.3.5.Final\622a9bcef2eed6d41b5b8e0662c36212009e375\hibernate-validator-5.3.5.Final.jar;C:\Users\krizhpav\.gradle\caches\modules-2\files-2.1\com.fasterxml.jackson.module\jackson-module-parameter-names\2.8.10\25e1b4ea5fe1d0a0d954e27a077c0550d9192b3\jackson-module-parameter-names-2.8.10.jar;C:\Users\krizhpav\.gradle\caches\modules-2\files-2.1\com.fasterxml.jackson.datatype\jackson-datatype-jdk8\2.8.10\6ab4b29da1dcc8599b706cb92dabe37a049f0259\jackson-datatype-jdk8-2.8.10.jar;C:\Users\krizhpav\.gradle\caches\modules-2\files-2.1\com.fasterxml.jackson.datatype\jackson-datatype-jsr310\2.8.10\c7e69a2619d22f067e96ac1fec95b4157604167f\jackson-datatype-jsr310-2.8.10.jar;C:\Users\krizhpav\.gradle\caches\modules-2\files-2.1\io.swagger\swagger-core\1.6.1\cf2206725a0dbc59fa2115bc6aa8bd7a00675d70\swagger-core-1.6.1.jar;C:\Users\krizhpav\.gradle\caches\modules-2\files-2.1\org.springframework.boot\spring-boot-starter-test\1.5.8.RELEASE\20b767f594924b32950286f1236ab7d68ff861f9\spring-boot-starter-test-1.5.8.RELEASE.jar;C:\Users\krizhpav\.gradle\caches\modules-2\files-2.1\org.skyscreamer\jsonassert\1.4.0\9cdbb373a06f6513e51e8c545ee6a5e981463edb\jsonassert-1.4.0.jar;C:\Users\krizhpav\.gradle\caches\modules-2\files-2.1\com.vaadin.external.google\android-json\0.0.20131108.vaadin1\fa26d351fe62a6a17f5cda1287c1c6110dec413f\android-json-0.0.20131108.vaadin1.jar;C:\Users\krizhpav\.gradle\caches\modules-2\files-2.1\io.swagger\swagger-models\1.6.1\be4ae289f97911684d9dd9638b188ceaca0bb9e6\swagger-models-1.6.1.jar;C:\Users\krizhpav\.gradle\caches\modules-2\files-2.1\com.jayway.jsonpath\json-path\2.2.0\22290d17944bd239fabf5ac69005a60a7ecbbbcb\json-path-2.2.0.jar;C:\Users\krizhpav\.gradle\caches\modules-2\files-2.1\org.slf4j\jcl-over-slf4j\1.7.25\f8c32b13ff142a513eeb5b6330b1588dcb2c0461\jcl-over-slf4j-1.7.25.jar;C:\Users\krizhpav\.gradle\caches\modules-2\files-2.1\org.slf4j\jul-to-slf4j\1.7.25\af5364cd6679bfffb114f0dec8a157aaa283b76\jul-to-slf4j-1.7.25.jar;C:\Users\krizhpav\.gradle\caches\modules-2\files-2.1\org.slf4j\log4j-over-slf4j\1.7.25\a87bb47468f47ee7aabbd54f93e133d4215769c3\log4j-over-slf4j-1.7.25.jar;C:\Users\krizhpav\.gradle\caches\modules-2\files-2.1\org.slf4j\slf4j-api\1.7.25\da76ca59f6a57ee3102f8f9bd9cee742973efa8a\slf4j-api-1.7.25.jar;C:\Users\krizhpav\.gradle\caches\modules-2\files-2.1\io.undertow\undertow-websockets-jsr\1.4.20.Final\6dcd36495f9d661dda5f0683e69a60b7595c56fa\undertow-websockets-jsr-1.4.20.Final.jar;C:\Users\krizhpav\.gradle\caches\modules-2\files-2.1\io.undertow\undertow-servlet\1.4.20.Final\9f94db880bc711730a1c3d9f6b56cbb87dddb35\undertow-servlet-1.4.20.Final.jar;C:\Users\krizhpav\.gradle\caches\modules-2\files-2.1\io.undertow\undertow-core\1.4.20.Final\59659eb4f48e218beef447477f638bf81b36933d\undertow-core-1.4.20.Final.jar;C:\Users\krizhpav\.gradle\caches\modules-2\files-2.1\javax.servlet\javax.servlet-api\3.1.0\3cd63d075497751784b2fa84be59432f4905bf7c\javax.servlet-api-3.1.0.jar;C:\Users\krizhpav\.gradle\caches\modules-2\files-2.1\org.glassfish\javax.el\3.0.0\dd532526e7c8de48e40419e6af1183658a973379\javax.el-3.0.0.jar;C:\Users\krizhpav\.gradle\caches\modules-2\files-2.1\org.springframework\spring-jdbc\4.3.12.RELEASE\5c840abbdc1a1dfd0f79c4a4c25eac0c98e6af22\spring-jdbc-4.3.12.RELEASE.jar;C:\Users\krizhpav\.gradle\caches\modules-2\files-2.1\org.springframework\spring-web\4.3.12.RELEASE\86c29588cca74d0fc848b194cb13fcdfd12bc990\spring-web-4.3.12.RELEASE.jar;C:\Users\krizhpav\.gradle\caches\modules-2\files-2.1\org.springframework.boot\spring-boot-test-autoconfigure\1.5.8.RELEASE\a8f986cc4b6ecef1417fe50c20984f12f54d15cc\spring-boot-test-autoconfigure-1.5.8.RELEASE.jar;C:\Users\krizhpav\.gradle\caches\modules-2\files-2.1\org.springframework.boot\spring-boot-test\1.5.8.RELEASE\17dedee86d1a9e9bd409d715fd90650ca1049659\spring-boot-test-1.5.8.RELEASE.jar;C:\Users\krizhpav\.gradle\caches\modules-2\files-2.1\org.springframework.boot\spring-boot-autoconfigure\1.5.8.RELEASE\e4f2efa4c319f4e3613d94fbccfdb5ccda6873e3\spring-boot-autoconfigure-1.5.8.RELEASE.jar;C:\Users\krizhpav\.gradle\caches\modules-2\files-2.1\org.springframework.boot\spring-boot\1.5.8.RELEASE\748ebde51761e12627ad23d064024f342b18f9b4\spring-boot-1.5.8.RELEASE.jar;C:\Users\krizhpav\.gradle\caches\modules-2\files-2.1\org.springframework\spring-context\4.3.12.RELEASE\5e6d26f36636f36b7efec1d6a0c5991284fbd95b\spring-context-4.3.12.RELEASE.jar;C:\Users\krizhpav\.gradle\caches\modules-2\files-2.1\org.springframework\spring-aop\4.3.12.RELEASE\b3fef085902993c2ef874c45c7bfd79296d5a5a4\spring-aop-4.3.12.RELEASE.jar;C:\Users\krizhpav\.gradle\caches\modules-2\files-2.1\org.springframework\spring-tx\4.3.12.RELEASE\7147b6839b2bf9db3621b79c73b4dddbe69572b6\spring-tx-4.3.12.RELEASE.jar;C:\Users\krizhpav\.gradle\caches\modules-2\files-2.1\org.springframework\spring-beans\4.3.12.RELEASE\547dd432d47d0f01d9ccbedc4b705f9f7c1240a\spring-beans-4.3.12.RELEASE.jar;C:\Users\krizhpav\.gradle\caches\modules-2\files-2.1\org.springframework\spring-expression\4.3.12.RELEASE\790f69f6ad7f9da8d4a92c603ad7244c398c8309\spring-expression-4.3.12.RELEASE.jar;C:\Users\krizhpav\.gradle\caches\modules-2\files-2.1\org.springframework\spring-test\4.3.12.RELEASE\825a7ac1014528db722a6cc94cceaef2410cb314\spring-test-4.3.12.RELEASE.jar;C:\Users\krizhpav\.gradle\caches\modules-2\files-2.1\org.springframework\spring-core\4.3.12.RELEASE\4cebc69478c6d350dbd5af28e3db7d5694f416e3\spring-core-4.3.12.RELEASE.jar;C:\Users\krizhpav\.gradle\caches\modules-2\files-2.1\aopalliance\aopalliance\1.0\235ba8b489512805ac13a8f9ea77a1ca5ebe3e8\aopalliance-1.0.jar;C:\Users\krizhpav\.gradle\caches\modules-2\files-2.1\javax.validation\validation-api\1.1.0.Final\8613ae82954779d518631e05daa73a6a954817d5\validation-api-1.1.0.Final.jar;C:\Users\krizhpav\.gradle\caches\modules-2\files-2.1\org.jboss.logging\jboss-logging\3.3.1.Final\c46217ab74b532568c0ed31dc599db3048bd1b67\jboss-logging-3.3.1.Final.jar;C:\Users\krizhpav\.gradle\caches\modules-2\files-2.1\com.fasterxml\classmate\1.3.4\3d5f48f10bbe4eb7bd862f10c0583be2e0053c6\classmate-1.3.4.jar;C:\Users\krizhpav\.gradle\caches\modules-2\files-2.1\com.fasterxml.jackson.core\jackson-databind\2.8.10\f7b83cb2bc4b88d53961e749e1ad32f49ef017b7\jackson-databind-2.8.10.jar;C:\Users\krizhpav\.gradle\caches\modules-2\files-2.1\com.fasterxml.jackson.dataformat\jackson-dataformat-yaml\2.8.10\1e08caf1d787c825307d8cc6362452086020d853\jackson-dataformat-yaml-2.8.10.jar;C:\Users\krizhpav\.gradle\caches\modules-2\files-2.1\com.fasterxml.jackson.core\jackson-core\2.8.10\eb21a035c66ad307e66ec8fce37f5d50fd62d039\jackson-core-2.8.10.jar;C:\Users\krizhpav\.gradle\caches\modules-2\files-2.1\com.fasterxml.jackson.core\jackson-annotations\2.8.0\45b426f7796b741035581a176744d91090e2e6fb\jackson-annotations-2.8.0.jar;C:\Users\krizhpav\.gradle\caches\modules-2\files-2.1\org.aspectj\aspectjweaver\1.8.11\9807e0e13c8a295f15882721db50fa3d142c44a9\aspectjweaver-1.8.11.jar;C:\Users\krizhpav\.gradle\caches\modules-2\files-2.1\org.apache.commons\commons-lang3\3.2.1\66f13681add50ca9e4546ffabafaaac7645db3cf\commons-lang3-3.2.1.jar;C:\Users\krizhpav\.gradle\caches\modules-2\files-2.1\com.google.guava\guava\27.0.1-android\b7e1c37f66ef193796ccd7ea6e80c2b05426182d\guava-27.0.1-android.jar;C:\Users\krizhpav\.gradle\caches\modules-2\files-2.1\junit\junit\4.12\2973d150c0dc1fefe998f834810d68f278ea58ec\junit-4.12.jar;C:\Users\krizhpav\.gradle\caches\modules-2\files-2.1\org.assertj\assertj-core\2.6.0\b532c3fc4f66bcfee4989a3514f1cd56203a33ad\assertj-core-2.6.0.jar;C:\Users\krizhpav\.gradle\caches\modules-2\files-2.1\org.mockito\mockito-core\1.10.19\e8546f5bef4e061d8dd73895b4e8f40e3fe6effe\mockito-core-1.10.19.jar;C:\Users\krizhpav\.gradle\caches\modules-2\files-2.1\org.hamcrest\hamcrest-library\1.3\4785a3c21320980282f9f33d0d1264a69040538f\hamcrest-library-1.3.jar;C:\Users\krizhpav\.gradle\caches\modules-2\files-2.1\org.hamcrest\hamcrest-core\1.3\42a25dc3219429f0e5d060061f71acb49bf010a0\hamcrest-core-1.3.jar;C:\Users\krizhpav\.gradle\caches\modules-2\files-2.1\org.jboss.xnio\xnio-nio\3.3.8.Final\8dafaf230666e526c53e544ab6a9d6ecfcbab4ee\xnio-nio-3.3.8.Final.jar;C:\Users\krizhpav\.gradle\caches\modules-2\files-2.1\org.jboss.xnio\xnio-api\3.3.8.Final\7942ba8330c91a12006c912e040d25a77a58c525\xnio-api-3.3.8.Final.jar;C:\Users\krizhpav\.gradle\caches\modules-2\files-2.1\org.jboss.spec.javax.annotation\jboss-annotations-api_1.2_spec\1.0.0.Final\6d7ff02a645227876ed550900d32d618b8f0d556\jboss-annotations-api_1.2_spec-1.0.0.Final.jar;C:\Users\krizhpav\.gradle\caches\modules-2\files-2.1\org.jboss.spec.javax.websocket\jboss-websocket-api_1.1_spec\1.1.0.Final\a89cc6c8f15c06aed6fe81482e168248ad7c76d3\jboss-websocket-api_1.1_spec-1.1.0.Final.jar;C:\Users\krizhpav\.gradle\caches\modules-2\files-2.1\org.yaml\snakeyaml\1.17\7a27ea250c5130b2922b86dea63cbb1cc10a660c\snakeyaml-1.17.jar;C:\Users\krizhpav\.gradle\caches\modules-2\files-2.1\io.swagger\swagger-annotations\1.6.1\c99eee3d31d772e1fcbf1626895ecc828967e913\swagger-annotations-1.6.1.jar;C:\Users\krizhpav\.gradle\caches\modules-2\files-2.1\com.google.guava\failureaccess\1.0.1\1dcf1de382a0bf95a3d8b0849546c88bac1292c9\failureaccess-1.0.1.jar;C:\Users\krizhpav\.gradle\caches\modules-2\files-2.1\com.google.guava\listenablefuture\9999.0-empty-to-avoid-conflict-with-guava\b421526c5f297295adef1c886e5246c39d4ac629\listenablefuture-9999.0-empty-to-avoid-conflict-with-guava.jar;C:\Users\krizhpav\.gradle\caches\modules-2\files-2.1\com.google.code.findbugs\jsr305\3.0.2\25ea2e8b0c338a877313bd4672d3fe056ea78f0d\jsr305-3.0.2.jar;C:\Users\krizhpav\.gradle\caches\modules-2\files-2.1\org.checkerframework\checker-compat-qual\2.5.2\dc0b20906c9e4b9724af29d11604efa574066892\checker-compat-qual-2.5.2.jar;C:\Users\krizhpav\.gradle\caches\modules-2\files-2.1\com.google.errorprone\error_prone_annotations\2.2.0\88e3c593e9b3586e1c6177f89267da6fc6986f0c\error_prone_annotations-2.2.0.jar;C:\Users\krizhpav\.gradle\caches\modules-2\files-2.1\com.google.j2objc\j2objc-annotations\1.1\ed28ded51a8b1c6b112568def5f4b455e6809019\j2objc-annotations-1.1.jar;C:\Users\krizhpav\.gradle\caches\modules-2\files-2.1\org.codehaus.mojo\animal-sniffer-annotations\1.17\f97ce6decaea32b36101e37979f8b647f00681fb\animal-sniffer-annotations-1.17.jar;C:\Users\krizhpav\.gradle\caches\modules-2\files-2.1\net.minidev\json-smart\2.2.1\5b9e5df7a62d1279b70dc882b041d249c4f0b002\json-smart-2.2.1.jar;C:\Users\krizhpav\.gradle\caches\modules-2\files-2.1\org.objenesis\objenesis\2.1\87c0ea803b69252868d09308b4618f766f135a96\objenesis-2.1.jar;C:\Users\krizhpav\.gradle\caches\modules-2\files-2.1\net.minidev\accessors-smart\1.1\a527213f2fea112a04c9bdf0ec0264e34104cd08\accessors-smart-1.1.jar;C:\Users\krizhpav\.gradle\caches\modules-2\files-2.1\org.ow2.asm\asm\5.0.3\dcc2193db20e19e1feca8b1240dbbc4e190824fa\asm-5.0.3.jar, user.name=krizhpav, java.vm.specification.version=1.8, sun.java.command=worker.org.gradle.process.internal.worker.GradleWorkerMain 'Gradle Test Executor 7', java.home=C:\Program Files\Java\jdk1.8.0_221\jre, sun.arch.data.model=64, user.language=en, java.specification.vendor=Oracle Corporation, awt.toolkit=sun.awt.windows.WToolkit, java.vm.info=mixed mode, java.version=1.8.0_221, java.ext.dirs=C:\Program Files\Java\jdk1.8.0_221\jre\lib\ext;C:\WINDOWS\Sun\Java\lib\ext, sun.boot.class.path=C:\Program Files\Java\jdk1.8.0_221\jre\lib\resources.jar;C:\Program Files\Java\jdk1.8.0_221\jre\lib\rt.jar;C:\Program Files\Java\jdk1.8.0_221\jre\lib\sunrsasign.jar;C:\Program Files\Java\jdk1.8.0_221\jre\lib\jsse.jar;C:\Program Files\Java\jdk1.8.0_221\jre\lib\jce.jar;C:\Program Files\Java\jdk1.8.0_221\jre\lib\charsets.jar;C:\Program Files\Java\jdk1.8.0_221\jre\lib\jfr.jar;C:\Program Files\Java\jdk1.8.0_221\jre\classes, java.vendor=Oracle Corporation, org.gradle.test.worker=7, file.separator=\, java.vendor.url.bug=http://bugreport.sun.com/bugreport/, sun.io.unicode.encoding=UnicodeLittle, sun.cpu.endian=little, sun.desktop=windows, sun.cpu.isalist=amd64}}, SystemEnvironmentPropertySource@2098180235 {name='systemEnvironment', properties={PATH=C:\Program Files\Git\mingw64\bin;C:\Program Files\Git\usr\bin;C:\Users\krizhpav\bin;C:\Python38\Scripts;C:\Python38;C:\oraclexe\app\oracle\product\11.2.0\server\bin;C:\work\env\oracle\product\12.1.0\dbhome_1\bin;C:\Program Files (x86)\Common Files\Oracle\Java\javapath;C:\WINDOWS\system32;C:\WINDOWS;C:\WINDOWS\System32\Wbem;C:\WINDOWS\System32\WindowsPowerShell\v1.0;C:\Program Files\1E\NomadBranch;C:\Program Files\Git\cmd;C:\work\env\apache-maven-3.6.1\bin;C:\work\env\node;C:\Users\krizhpav\.jpm\windows\bin;C:\Program Files\PuTTY;C:\work\env;C:\ProgramData\chocolatey\bin;C:\Users\krizhpav\AppData\Local\Microsoft\WindowsApps;C:\Program Files\JetBrains\IntelliJ IDEA Community Edition 2020.1\bin;C:\Users\krizhpav\AppData\Local\Programs\Microsoft VS Code\bin;C:\Program Files\JetBrains\WebStorm 2019.2\bin;C:\Users\krizhpav\groovy-3.0.0-beta-3\bin;C:\Users\krizhpav\AppData\Roaming\npm, USERDOMAIN_ROAMINGPROFILE=AP, PROCESSOR_LEVEL=6, SYSTEMDRIVE=C:, SESSIONNAME=Console, ALLUSERSPROFILE=C:\ProgramData, EDM_VERSION=2017, PROCESSOR_ARCHITECTURE=AMD64, PSModulePath=C:\Program Files\WindowsPowerShell\Modules;C:\WINDOWS\system32\WindowsPowerShell\v1.0\Modules, __INTELLIJ_COMMAND_HISTFILE__=C:\Users\krizhpav\AppData\Roaming\JetBrains\IntelliJIdea2020.1\terminal\history\history-6, PROGRAMFILES=C:\Program Files, USERNAME=krizhpav, USERDNSDOMAIN=AP.TIETO.COM, PWD=C:/work/repos/test-aspect, ProgramFiles(x86)=C:\Program Files (x86), FPS_BROWSER_USER_PROFILE_STRING=Default, PATHEXT=.COM;.EXE;.BAT;.CMD;.VBS;.VBE;.JS;.JSE;.WSF;.WSH;.MSC;.PY;.PYW, DriverData=C:\Windows\System32\Drivers\DriverData, IntelliJ IDEA Community Edition=C:\Program Files\JetBrains\IntelliJ IDEA Community Edition 2020.1\bin;, OLDPWD=C:/work/repos/test-aspect, WINDIR=C:\WINDOWS, ProgramData=C:\ProgramData, ProgramW6432=C:\Program Files, HOMEPATH=\Users\krizhpav, PROCESSOR_IDENTIFIER=Intel64 Family 6 Model 78 Stepping 3, GenuineIntel, PUBLIC=C:\Users\Public, =::=::\, EXEPATH=C:\Program Files\Git\bin, SHLVL=1, EDM_COREIMAGEVERSION=19.05.29, LOCALAPPDATA=C:\Users\krizhpav\AppData\Local, ChocolateyLastPathUpdate=132312614017496307, USERDOMAIN=AP, FPS_BROWSER_APP_PROFILE_STRING=Internet Explorer, LOGONSERVER=\\C105S571VM011, JAVA_HOME=C:\Program Files\Java\jdk1.8.0_221, PLINK_PROTOCOL=ssh, TERM=cygwin, WebStorm=C:\Program Files\JetBrains\WebStorm 2019.2\bin;, GROOVY_HOME=C:\Users\krizhpav\groovy-3.0.0-beta-3, MSYSTEM=MINGW64, APPDATA=C:\Users\krizhpav\AppData\Roaming, SYSTEMROOT=C:\WINDOWS, ChocolateyInstall=C:\ProgramData\chocolatey, OS=Windows_NT, COMPUTERNAME=WL355466, COMMONPROGRAMFILES=C:\Program Files\Common Files, COMSPEC=C:\WINDOWS\system32\cmd.exe, PROCESSOR_REVISION=4e03, CommonProgramW6432=C:\Program Files\Common Files, UATDATA=C:\WINDOWS\CCM\UATData\D9F8C395-CAB8-491d-B8AC-179A1FE1BE77, TERMINAL_EMULATOR=JetBrains-JediTerm, TEMP=C:\Users\krizhpav\AppData\Local\Temp, HOMEDRIVE=C:, USERPROFILE=C:\Users\krizhpav, TMP=C:\Users\krizhpav\AppData\Local\Temp, snow_agent=C:\Program Files\Snow Software\Inventory\Agent, CommonProgramFiles(x86)=C:\Program Files (x86)\Common Files, NUMBER_OF_PROCESSORS=4, IDEA_INITIAL_DIRECTORY=C:\Program Files\JetBrains\IntelliJ IDEA 2020.1.1\bin, HOME=C:\Users\krizhpav}}]
15:45:28.074 [Test worker] DEBUG org.springframework.core.env.MutablePropertySources - Adding PropertySource 'inline' with highest search precedence
15:45:28.081 [Test worker] DEBUG org.springframework.test.context.support.TestPropertySourceUtils - Adding inlined properties to environment: {spring.jmx.enabled=false, org.springframework.boot.test.context.SpringBootTestContextBootstrapper=true, server.port=-1}
15:45:28.081 [Test worker] DEBUG org.springframework.core.env.StandardEnvironment - Adding PropertySource 'Inlined Test Properties' with highest search precedence

  .   ____          _            __ _ _
 /\\ / ___'_ __ _ _(_)_ __  __ _ \ \ \ \
( ( )\___ | '_ | '_| | '_ \/ _` | \ \ \ \
 \\/  ___)| |_)| | | | | || (_| |  ) ) ) )
  '  |____| .__|_| |_|_| |_\__, | / / / /
 =========|_|==============|___/=/_/_/_/
 :: Spring Boot ::        (v1.5.8.RELEASE)

2020-08-05 15:45:28.462  INFO 10104 --- [    Test worker] com.example.audit.AuditAspectTest        : Starting AuditAspectTest on WL355466 with PID 10104 (started by krizhpav in C:\work\repos\test-aspect)
2020-08-05 15:45:28.465  INFO 10104 --- [    Test worker] com.example.audit.AuditAspectTest        : No active profile set, falling back to default profiles: default
2020-08-05 15:45:28.539  INFO 10104 --- [    Test worker] o.s.w.c.s.GenericWebApplicationContext   : Refreshing org.springframework.web.context.support.GenericWebApplicationContext@39e38699: startup date [Wed Aug 05 15:45:28 MSK 2020]; root of context hierarchy
2020-08-05 15:45:32.253  INFO 10104 --- [    Test worker] s.w.s.m.m.a.RequestMappingHandlerAdapter : Looking for @ControllerAdvice: org.springframework.web.context.support.GenericWebApplicationContext@39e38699: startup date [Wed Aug 05 15:45:28 MSK 2020]; root of context hierarchy
2020-08-05 15:45:32.399  INFO 10104 --- [    Test worker] s.w.s.m.m.a.RequestMappingHandlerMapping : Mapped "{[/error]}" onto public org.springframework.http.ResponseEntity<java.util.Map<java.lang.String, java.lang.Object>> org.springframework.boot.autoconfigure.web.BasicErrorController.error(javax.servlet.http.HttpServletRequest)
2020-08-05 15:45:32.401  INFO 10104 --- [    Test worker] s.w.s.m.m.a.RequestMappingHandlerMapping : Mapped "{[/error],produces=[text/html]}" onto public org.springframework.web.servlet.ModelAndView org.springframework.boot.autoconfigure.web.BasicErrorController.errorHtml(javax.servlet.http.HttpServletRequest,javax.servlet.http.HttpServletResponse)
2020-08-05 15:45:32.507  INFO 10104 --- [    Test worker] o.s.w.s.handler.SimpleUrlHandlerMapping  : Mapped URL path [/webjars/**] onto handler of type [class org.springframework.web.servlet.resource.ResourceHttpRequestHandler]
2020-08-05 15:45:32.507  INFO 10104 --- [    Test worker] o.s.w.s.handler.SimpleUrlHandlerMapping  : Mapped URL path [/**] onto handler of type [class org.springframework.web.servlet.resource.ResourceHttpRequestHandler]
2020-08-05 15:45:32.596  INFO 10104 --- [    Test worker] o.s.w.s.handler.SimpleUrlHandlerMapping  : Mapped URL path [/**/favicon.ico] onto handler of type [class org.springframework.web.servlet.resource.ResourceHttpRequestHandler]
2020-08-05 15:45:33.140  INFO 10104 --- [    Test worker] b.a.s.AuthenticationManagerConfiguration : 

Using default security password: 6efb40bc-4c10-497b-943e-fbb7050044ae

2020-08-05 15:45:33.225  INFO 10104 --- [    Test worker] o.s.s.web.DefaultSecurityFilterChain     : Creating filter chain: OrRequestMatcher [requestMatchers=[Ant [pattern='/css/**'], Ant [pattern='/js/**'], Ant [pattern='/images/**'], Ant [pattern='/webjars/**'], Ant [pattern='/**/favicon.ico'], Ant [pattern='/error']]], []
2020-08-05 15:45:33.397  INFO 10104 --- [    Test worker] o.s.s.web.DefaultSecurityFilterChain     : Creating filter chain: OrRequestMatcher [requestMatchers=[Ant [pattern='/**']]], [org.springframework.security.web.context.request.async.WebAsyncManagerIntegrationFilter@54731c5c, org.springframework.security.web.context.SecurityContextPersistenceFilter@1c1b2685, org.springframework.security.web.header.HeaderWriterFilter@1aba5302, org.springframework.security.web.authentication.logout.LogoutFilter@79d76576, org.springframework.security.web.authentication.www.BasicAuthenticationFilter@691f54a1, org.springframework.security.web.savedrequest.RequestCacheAwareFilter@3149d419, org.springframework.security.web.servletapi.SecurityContextHolderAwareRequestFilter@3fc4d423, org.springframework.security.web.authentication.AnonymousAuthenticationFilter@3319d0f7, org.springframework.security.web.session.SessionManagementFilter@75299a2e, org.springframework.security.web.access.ExceptionTranslationFilter@7eb86108, org.springframework.security.web.access.intercept.FilterSecurityInterceptor@478f9942]
2020-08-05 15:45:33.645  INFO 10104 --- [    Test worker] com.example.audit.AuditAspectTest        : Started AuditAspectTest in 5.55 seconds (JVM running for 7.327)
inside activate
inside changePassword
]]></system-out>
  <system-err><![CDATA[]]></system-err>
</testsuite>
